app/build/intermediates/manifest_merge_blame_file/debug/manifest-merger-blame-debug-report.txt
1<?xml version="1.0" encoding="utf-8"?>
2<manifest xmlns:android="http://schemas.android.com/apk/res/android"
3    package="driver.transporterimenval.com"
4    android:versionCode="1"
5    android:versionName="1.0.0" >
6
7    <uses-sdk
8        android:minSdkVersion="21"
8-->src\main\AndroidManifest.xml
9        android:targetSdkVersion="30" />
9-->src\main\AndroidManifest.xml
10
11    <uses-permission android:name="com.androidbunch.drawroutev2.permission.MAPS_RECEIVE" />
11-->src\main\AndroidManifest.xml:6:5-92
11-->src\main\AndroidManifest.xml:6:22-89
12    <uses-permission android:name="android.permission.INTERNET" />
12-->src\main\AndroidManifest.xml:7:5-67
12-->src\main\AndroidManifest.xml:7:22-64
13    <uses-permission android:name="android.permission.READ_PHONE_STATE" />
13-->src\main\AndroidManifest.xml:8:5-75
13-->src\main\AndroidManifest.xml:8:22-72
14    <uses-permission android:name="com.google.android.providers.gsf.permission.READ_GSERVICES" />
14-->src\main\AndroidManifest.xml:9:5-98
14-->src\main\AndroidManifest.xml:9:22-95
15    <uses-permission android:name="android.permission.ACCESS_COARSE_LOCATION" />
15-->src\main\AndroidManifest.xml:10:5-81
15-->src\main\AndroidManifest.xml:10:22-78
16    <uses-permission android:name="android.permission.ACCESS_NETWORK_STATE" />
16-->src\main\AndroidManifest.xml:11:5-79
16-->src\main\AndroidManifest.xml:11:22-76
17    <uses-permission android:name="android.permission.ACCESS_FINE_LOCATION" />
17-->src\main\AndroidManifest.xml:12:5-79
17-->src\main\AndroidManifest.xml:12:22-76
18    <uses-permission android:name="android.permission.CALL_PHONE" />
18-->src\main\AndroidManifest.xml:13:5-69
18-->src\main\AndroidManifest.xml:13:22-66
19    <uses-permission android:name="android.permission.WAKE_LOCK" />
19-->src\main\AndroidManifest.xml:14:5-68
19-->src\main\AndroidManifest.xml:14:22-65
20    <uses-permission android:name="android.permission.GET_ACCOUNTS" />
20-->src\main\AndroidManifest.xml:15:5-71
20-->src\main\AndroidManifest.xml:15:22-68
21    <uses-permission android:name="android.permission.USE_CREDENTIALS" />
21-->src\main\AndroidManifest.xml:16:5-74
21-->src\main\AndroidManifest.xml:16:22-71
22    <uses-permission android:name="android.permission.WRITE_EXTERNAL_STORAGE" />
22-->src\main\AndroidManifest.xml:17:5-81
22-->src\main\AndroidManifest.xml:17:22-78
23    <uses-permission android:name="android.permission.ACCESS_WIFI_STATE" />
23-->src\main\AndroidManifest.xml:18:5-76
23-->src\main\AndroidManifest.xml:18:22-73
24    <uses-permission android:name="android.permission.CHANGE_WIFI_STATE" />
24-->src\main\AndroidManifest.xml:19:5-76
24-->src\main\AndroidManifest.xml:19:22-73
25    <uses-permission android:name="android.permission.READ_EXTERNAL_STORAGE" />
25-->src\main\AndroidManifest.xml:20:5-80
25-->src\main\AndroidManifest.xml:20:22-77
26    <uses-permission android:name="android.permission.CAMERA" />
26-->src\main\AndroidManifest.xml:21:5-65
26-->src\main\AndroidManifest.xml:21:22-62
27    <uses-permission android:name="android.permission.VIBRATE" />
27-->src\main\AndroidManifest.xml:22:5-66
27-->src\main\AndroidManifest.xml:22:22-63
28    <uses-permission android:name="android.permission.SYSTEM_ALERT_WINDOW" />
28-->src\main\AndroidManifest.xml:23:5-78
28-->src\main\AndroidManifest.xml:23:22-75
29
30    <!-- Create a unique permission for your app and use it so only your app can receive your OneSignal messages. -->
31    <permission
31-->[com.onesignal:OneSignal:4.3.0] AndroidManifest.xml:7:5-9:47
32        android:name="driver.transporterimenval.com.permission.C2D_MESSAGE"
32-->[com.onesignal:OneSignal:4.3.0] AndroidManifest.xml:8:9-63
33        android:protectionLevel="signature" />
33-->[com.onesignal:OneSignal:4.3.0] AndroidManifest.xml:9:9-44
34
35    <uses-permission android:name="driver.transporterimenval.com.permission.C2D_MESSAGE" /> <!-- c2dm RECEIVE are basic requirements for push messages through Google's FCM -->
35-->[com.onesignal:OneSignal:4.3.0] AndroidManifest.xml:11:5-79
35-->[com.onesignal:OneSignal:4.3.0] AndroidManifest.xml:11:22-76
36    <uses-permission android:name="com.google.android.c2dm.permission.RECEIVE" />
36-->[com.onesignal:OneSignal:4.3.0] AndroidManifest.xml:17:5-82
36-->[com.onesignal:OneSignal:4.3.0] AndroidManifest.xml:17:22-79
37    <!--
38 Use to restore notifications the user hasn't interacted with.
39         They could be missed notifications if the user reboots their device if this isn't in place.
40    -->
41    <uses-permission android:name="android.permission.RECEIVE_BOOT_COMPLETED" /> <!-- START: ShortcutBadger -->
41-->[com.onesignal:OneSignal:4.3.0] AndroidManifest.xml:29:5-81
41-->[com.onesignal:OneSignal:4.3.0] AndroidManifest.xml:29:22-78
42    <!-- Samsung -->
43    <uses-permission android:name="com.sec.android.provider.badge.permission.READ" />
43-->[com.onesignal:OneSignal:4.3.0] AndroidManifest.xml:31:5-86
43-->[com.onesignal:OneSignal:4.3.0] AndroidManifest.xml:31:22-83
44    <uses-permission android:name="com.sec.android.provider.badge.permission.WRITE" /> <!-- HTC -->
44-->[com.onesignal:OneSignal:4.3.0] AndroidManifest.xml:32:5-87
44-->[com.onesignal:OneSignal:4.3.0] AndroidManifest.xml:32:22-84
45    <uses-permission android:name="com.htc.launcher.permission.READ_SETTINGS" />
45-->[com.onesignal:OneSignal:4.3.0] AndroidManifest.xml:33:5-81
45-->[com.onesignal:OneSignal:4.3.0] AndroidManifest.xml:33:22-78
46    <uses-permission android:name="com.htc.launcher.permission.UPDATE_SHORTCUT" /> <!-- Sony -->
46-->[com.onesignal:OneSignal:4.3.0] AndroidManifest.xml:34:5-83
46-->[com.onesignal:OneSignal:4.3.0] AndroidManifest.xml:34:22-80
47    <uses-permission android:name="com.sonyericsson.home.permission.BROADCAST_BADGE" />
47-->[com.onesignal:OneSignal:4.3.0] AndroidManifest.xml:35:5-88
47-->[com.onesignal:OneSignal:4.3.0] AndroidManifest.xml:35:22-85
48    <uses-permission android:name="com.sonymobile.home.permission.PROVIDER_INSERT_BADGE" /> <!-- Apex -->
48-->[com.onesignal:OneSignal:4.3.0] AndroidManifest.xml:36:5-92
48-->[com.onesignal:OneSignal:4.3.0] AndroidManifest.xml:36:22-89
49    <uses-permission android:name="com.anddoes.launcher.permission.UPDATE_COUNT" /> <!-- Solid -->
49-->[com.onesignal:OneSignal:4.3.0] AndroidManifest.xml:37:5-84
49-->[com.onesignal:OneSignal:4.3.0] AndroidManifest.xml:37:22-81
50    <uses-permission android:name="com.majeur.launcher.permission.UPDATE_BADGE" /> <!-- Huawei -->
50-->[com.onesignal:OneSignal:4.3.0] AndroidManifest.xml:38:5-83
50-->[com.onesignal:OneSignal:4.3.0] AndroidManifest.xml:38:22-80
51    <uses-permission android:name="com.huawei.android.launcher.permission.CHANGE_BADGE" />
51-->[com.onesignal:OneSignal:4.3.0] AndroidManifest.xml:39:5-91
51-->[com.onesignal:OneSignal:4.3.0] AndroidManifest.xml:39:22-88
52    <uses-permission android:name="com.huawei.android.launcher.permission.READ_SETTINGS" />
52-->[com.onesignal:OneSignal:4.3.0] AndroidManifest.xml:40:5-92
52-->[com.onesignal:OneSignal:4.3.0] AndroidManifest.xml:40:22-89
53    <uses-permission android:name="com.huawei.android.launcher.permission.WRITE_SETTINGS" /> <!-- ZUK -->
53-->[com.onesignal:OneSignal:4.3.0] AndroidManifest.xml:41:5-93
53-->[com.onesignal:OneSignal:4.3.0] AndroidManifest.xml:41:22-90
54    <uses-permission android:name="android.permission.READ_APP_BADGE" /> <!-- OPPO -->
54-->[com.onesignal:OneSignal:4.3.0] AndroidManifest.xml:42:5-73
54-->[com.onesignal:OneSignal:4.3.0] AndroidManifest.xml:42:22-70
55    <uses-permission android:name="com.oppo.launcher.permission.READ_SETTINGS" />
55-->[com.onesignal:OneSignal:4.3.0] AndroidManifest.xml:43:5-82
55-->[com.onesignal:OneSignal:4.3.0] AndroidManifest.xml:43:22-79
56    <uses-permission android:name="com.oppo.launcher.permission.WRITE_SETTINGS" /> <!-- EvMe -->
56-->[com.onesignal:OneSignal:4.3.0] AndroidManifest.xml:44:5-83
56-->[com.onesignal:OneSignal:4.3.0] AndroidManifest.xml:44:22-80
57    <uses-permission android:name="me.everything.badger.permission.BADGE_COUNT_READ" />
57-->[com.onesignal:OneSignal:4.3.0] AndroidManifest.xml:45:5-88
57-->[com.onesignal:OneSignal:4.3.0] AndroidManifest.xml:45:22-85
58    <uses-permission android:name="me.everything.badger.permission.BADGE_COUNT_WRITE" />
58-->[com.onesignal:OneSignal:4.3.0] AndroidManifest.xml:46:5-89
58-->[com.onesignal:OneSignal:4.3.0] AndroidManifest.xml:46:22-86
59
60    <uses-feature
60-->[com.google.android.gms:play-services-maps:17.0.0] AndroidManifest.xml:26:5-28:35
61        android:glEsVersion="0x00020000"
61-->[com.google.android.gms:play-services-maps:17.0.0] AndroidManifest.xml:27:9-41
62        android:required="true" /> <!-- Android package visibility setting -->
62-->[com.google.android.gms:play-services-maps:17.0.0] AndroidManifest.xml:28:9-32
63    <queries>
63-->[com.google.android.gms:play-services-ads-lite:19.8.0] AndroidManifest.xml:27:5-43:15
64
65        <!-- For browser content -->
66        <intent>
66-->[com.google.android.gms:play-services-ads-lite:19.8.0] AndroidManifest.xml:30:9-36:18
67            <action android:name="android.intent.action.VIEW" />
67-->src\main\AndroidManifest.xml:105:17-69
67-->src\main\AndroidManifest.xml:105:25-66
68
69            <category android:name="android.intent.category.BROWSABLE" />
69-->src\main\AndroidManifest.xml:108:17-78
69-->src\main\AndroidManifest.xml:108:27-75
70
71            <data android:scheme="https" />
71-->src\main\AndroidManifest.xml:110:17-112:55
71-->src\main\AndroidManifest.xml:111:21-70
72        </intent>
73        <!-- End of browser content -->
74        <!-- For CustomTabsService -->
75        <intent>
75-->[com.google.android.gms:play-services-ads-lite:19.8.0] AndroidManifest.xml:39:9-41:18
76            <action android:name="android.support.customtabs.action.CustomTabsService" />
76-->[com.google.android.gms:play-services-ads-lite:19.8.0] AndroidManifest.xml:40:13-90
76-->[com.google.android.gms:play-services-ads-lite:19.8.0] AndroidManifest.xml:40:21-87
77        </intent>
78        <!-- End of CustomTabsService -->
79    </queries>
80
81    <uses-permission android:name="android.permission.FOREGROUND_SERVICE" />
81-->[androidx.work:work-runtime:2.5.0] AndroidManifest.xml:28:5-77
81-->[androidx.work:work-runtime:2.5.0] AndroidManifest.xml:28:22-74
82    <uses-permission android:name="com.google.android.finsky.permission.BIND_GET_INSTALL_REFERRER_SERVICE" />
82-->[com.google.android.gms:play-services-measurement:18.0.0] AndroidManifest.xml:26:5-110
82-->[com.google.android.gms:play-services-measurement:18.0.0] AndroidManifest.xml:26:22-107
83
84    <application
84-->src\main\AndroidManifest.xml:25:5-229:19
85        android:name="androidx.multidex.MultiDexApplication"
85-->src\main\AndroidManifest.xml:27:9-61
86        android:allowBackup="true"
86-->src\main\AndroidManifest.xml:28:9-35
87        android:appComponentFactory="androidx.core.app.CoreComponentFactory"
87-->[androidx.core:core:1.3.1] AndroidManifest.xml:24:18-86
88        android:debuggable="true"
89        android:fullBackupContent="@xml/backup_descriptor"
89-->src\main\AndroidManifest.xml:30:9-59
90        android:icon="@mipmap/ic_launcher"
90-->src\main\AndroidManifest.xml:31:9-43
91        android:label="@string/app_name"
91-->src\main\AndroidManifest.xml:32:9-41
92        android:largeHeap="true"
92-->src\main\AndroidManifest.xml:29:9-33
93        android:supportsRtl="true"
93-->src\main\AndroidManifest.xml:33:9-35
94        android:testOnly="true"
95        android:theme="@style/AppTheme"
95-->src\main\AndroidManifest.xml:34:9-40
96        android:usesCleartextTraffic="true" >
96-->src\main\AndroidManifest.xml:26:9-44
97        <activity android:name="driver.transporterimenval.com.motorizado.MainActivityTracking" >
97-->src\main\AndroidManifest.xml:36:9-37:20
97-->src\main\AndroidManifest.xml:36:19-66
98        </activity>
99
100        <uses-library
100-->src\main\AndroidManifest.xml:38:9-88
101            android:name="org.apache.http.legacy"
101-->src\main\AndroidManifest.xml:38:23-60
102            android:required="false" />
102-->src\main\AndroidManifest.xml:38:61-85
103
104        <provider
105            android:name="androidx.core.content.FileProvider"
105-->src\main\AndroidManifest.xml:41:13-62
106            android:authorities="driver.transporterimenval.com.provider"
106-->src\main\AndroidManifest.xml:42:13-60
107            android:exported="false"
107-->src\main\AndroidManifest.xml:43:13-37
108            android:grantUriPermissions="true" >
108-->src\main\AndroidManifest.xml:44:13-47
109            <meta-data
109-->src\main\AndroidManifest.xml:45:13-47:58
110                android:name="android.support.FILE_PROVIDER_PATHS"
110-->src\main\AndroidManifest.xml:46:17-67
111                android:resource="@xml/provider_paths" />
111-->src\main\AndroidManifest.xml:47:17-55
112        </provider>
113
114        <!-- <meta-data -->
115        <meta-data
115-->src\main\AndroidManifest.xml:51:9-53:69
116            android:name="com.google.android.gms.version"
116-->src\main\AndroidManifest.xml:52:13-58
117            android:value="@integer/google_play_services_version" />
117-->src\main\AndroidManifest.xml:53:13-66
118        <meta-data
118-->src\main\AndroidManifest.xml:54:9-56:71
119            android:name="com.google.android.geo.API_KEY"
119-->src\main\AndroidManifest.xml:55:13-58
120            android:value="AIzaSyBtA9NFKy55PO2oH37NLUntcmURE24qBC4" />
120-->src\main\AndroidManifest.xml:56:13-68
121        <meta-data
121-->src\main\AndroidManifest.xml:57:9-59:49
122            android:name="DATABASE"
122-->src\main\AndroidManifest.xml:58:13-36
123            android:value="restaurant.sqlite" />
123-->src\main\AndroidManifest.xml:59:13-46
124        <meta-data
124-->src\main\AndroidManifest.xml:60:9-62:65
125            android:name="com.google.firebase.messaging.default_notification_icon"
125-->src\main\AndroidManifest.xml:61:13-83
126            android:resource="@drawable/ic_notification_icon" />
126-->src\main\AndroidManifest.xml:62:13-62
127        <meta-data
127-->src\main\AndroidManifest.xml:63:9-65:70
128            android:name="com.google.android.gms.ads.APPLICATION_ID"
128-->src\main\AndroidManifest.xml:64:13-69
129            android:value="ca-app-pub-3940256099942544~3347511713" />
129-->src\main\AndroidManifest.xml:65:13-67
130
131        <activity
131-->src\main\AndroidManifest.xml:67:9-72:55
132            android:name="driver.transporterimenval.com.motorizado.Aboutus"
132-->src\main\AndroidManifest.xml:68:13-47
133            android:screenOrientation="portrait"
133-->src\main\AndroidManifest.xml:69:13-49
134            android:theme="@style/NoActionBar"
134-->src\main\AndroidManifest.xml:71:13-47
135            android:windowSoftInputMode="adjustPan" />
135-->src\main\AndroidManifest.xml:72:13-52
136        <activity
136-->src\main\AndroidManifest.xml:73:9-78:55
137            android:name="driver.transporterimenval.com.motorizado.Termcondition"
137-->src\main\AndroidManifest.xml:74:13-53
138            android:screenOrientation="portrait"
138-->src\main\AndroidManifest.xml:75:13-49
139            android:theme="@style/NoActionBar"
139-->src\main\AndroidManifest.xml:77:13-47
140            android:windowSoftInputMode="adjustPan" />
140-->src\main\AndroidManifest.xml:78:13-52
141        <activity
141-->src\main\AndroidManifest.xml:79:9-90:20
142            android:name="driver.transporterimenval.com.motorizado.Splash"
142-->src\main\AndroidManifest.xml:80:13-46
143            android:screenOrientation="portrait"
143-->src\main\AndroidManifest.xml:81:13-49
144            android:theme="@style/NoActionBar"
144-->src\main\AndroidManifest.xml:83:13-47
145            android:windowSoftInputMode="adjustPan" >
145-->src\main\AndroidManifest.xml:84:13-52
146            <intent-filter>
146-->src\main\AndroidManifest.xml:85:13-89:29
147                <action android:name="android.intent.action.MAIN" />
147-->src\main\AndroidManifest.xml:86:17-69
147-->src\main\AndroidManifest.xml:86:25-66
148
149                <category android:name="android.intent.category.LAUNCHER" />
149-->src\main\AndroidManifest.xml:88:17-77
149-->src\main\AndroidManifest.xml:88:27-74
150            </intent-filter>
151        </activity>
152
153        <!-- facebook settings -->
154        <meta-data
154-->src\main\AndroidManifest.xml:93:9-95:55
155            android:name="com.facebook.sdk.ApplicationId"
155-->src\main\AndroidManifest.xml:94:13-58
156            android:value="@string/facebook_app_id" />
156-->src\main\AndroidManifest.xml:95:13-52
157
158        <activity
158-->src\main\AndroidManifest.xml:97:9-100:48
159            android:name="com.facebook.FacebookActivity"
159-->src\main\AndroidManifest.xml:98:13-57
160            android:configChanges="keyboard|keyboardHidden|screenLayout|screenSize|orientation"
160-->src\main\AndroidManifest.xml:99:13-96
161            android:label="@string/app_name"
161-->src\main\AndroidManifest.xml:100:13-45
162            android:theme="@style/com_facebook_activity_theme" />
162-->[com.facebook.android:facebook-common:4.31.0] AndroidManifest.xml:32:13-63
163        <activity
163-->src\main\AndroidManifest.xml:101:9-114:20
164            android:name="com.facebook.CustomTabActivity"
164-->src\main\AndroidManifest.xml:102:13-58
165            android:exported="true" >
165-->src\main\AndroidManifest.xml:103:13-36
166            <intent-filter>
166-->src\main\AndroidManifest.xml:104:13-113:29
167                <action android:name="android.intent.action.VIEW" />
167-->src\main\AndroidManifest.xml:105:17-69
167-->src\main\AndroidManifest.xml:105:25-66
168
169                <category android:name="android.intent.category.DEFAULT" />
169-->src\main\AndroidManifest.xml:107:17-76
169-->src\main\AndroidManifest.xml:107:27-73
170                <category android:name="android.intent.category.BROWSABLE" />
170-->src\main\AndroidManifest.xml:108:17-78
170-->src\main\AndroidManifest.xml:108:27-75
171
172                <data android:scheme="@string/fb_login_protocol_scheme" />
172-->src\main\AndroidManifest.xml:110:17-112:55
172-->src\main\AndroidManifest.xml:111:21-70
173            </intent-filter>
174        </activity>
175
176        <!--
177            <provider
178            android:name="com.facebook.FacebookContentProvider"
179            android:authorities="com.facebook.app.FacebookContentProvider2000030113584402____2000030113584402"
180            android:exported="true" />  end
181        -->
182        <!-- setting of firebase -->
183        <service android:name="driver.transporterimenval.com.utils.MyFirebaseMessagingService" >
183-->src\main\AndroidManifest.xml:121:9-125:19
183-->src\main\AndroidManifest.xml:121:18-66
184            <intent-filter>
184-->src\main\AndroidManifest.xml:122:13-124:29
185                <action android:name="com.google.firebase.MESSAGING_EVENT" />
185-->src\main\AndroidManifest.xml:123:17-78
185-->src\main\AndroidManifest.xml:123:25-75
186            </intent-filter>
187        </service>
188        <service android:name="driver.transporterimenval.com.utils.GPSTracker" />
188-->src\main\AndroidManifest.xml:126:9-53
188-->src\main\AndroidManifest.xml:126:18-50
189        <service
189-->src\main\AndroidManifest.xml:127:9-130:40
190            android:name="servicios.BubbleHeadService"
190-->src\main\AndroidManifest.xml:128:13-55
191            android:enabled="true"
191-->src\main\AndroidManifest.xml:129:13-35
192            android:exported="false" />
192-->src\main\AndroidManifest.xml:130:13-37
193        <service
193-->src\main\AndroidManifest.xml:131:9-134:43
194            android:name="driver.transporterimenval.com.utils.GeoLocationService"
194-->src\main\AndroidManifest.xml:132:13-53
195            android:enabled="true"
195-->src\main\AndroidManifest.xml:133:13-35
196            android:stopWithTask="false" />
196-->src\main\AndroidManifest.xml:134:13-41
197
198        <receiver
198-->src\main\AndroidManifest.xml:136:9-144:20
199            android:name="driver.transporterimenval.com.utils.GeoLocationRestartBroadcastReceiver"
199-->src\main\AndroidManifest.xml:137:13-70
200            android:enabled="true"
200-->src\main\AndroidManifest.xml:138:13-35
201            android:exported="true"
201-->src\main\AndroidManifest.xml:139:13-36
202            android:label="RestartServiceWhenStopped" >
202-->src\main\AndroidManifest.xml:140:13-54
203
204            <!--
205            <intent-filter>
206                <action android:name="repartidor.faster.com.ec.utils.RestartGeoLocation"/>
207            </intent-filter>
208            -->
209        </receiver>
210
211        <meta-data
211-->src\main\AndroidManifest.xml:146:9-148:53
212            android:name="com.google.firebase.messaging.default_notification_color"
212-->src\main\AndroidManifest.xml:147:13-84
213            android:resource="@color/colorAccent" />
213-->src\main\AndroidManifest.xml:148:13-50
214
215        <activity
215-->src\main\AndroidManifest.xml:150:9-153:56
216            android:name="driver.transporterimenval.com.motorizado.LoginAsDelivery"
216-->src\main\AndroidManifest.xml:151:13-55
217            android:screenOrientation="portrait" />
217-->src\main\AndroidManifest.xml:152:13-49
218        <activity
218-->src\main\AndroidManifest.xml:154:9-163:20
219            android:name="driver.transporterimenval.com.motorizado.DeliveryStatus"
219-->src\main\AndroidManifest.xml:155:13-54
220            android:screenOrientation="portrait" >
220-->src\main\AndroidManifest.xml:156:13-49
221            <intent-filter>
221-->src\main\AndroidManifest.xml:158:13-162:29
222                <action android:name="repartidor.faster.com.ec.DeliveryStatus_TARGET" />
222-->src\main\AndroidManifest.xml:159:17-89
222-->src\main\AndroidManifest.xml:159:25-86
223
224                <category android:name="android.intent.category.DEFAULT" />
224-->src\main\AndroidManifest.xml:107:17-76
224-->src\main\AndroidManifest.xml:107:27-73
225            </intent-filter>
226        </activity>
227        <activity
227-->src\main\AndroidManifest.xml:164:9-173:20
228            android:name="driver.transporterimenval.com.motorizado.DeliveryUserProfile"
228-->src\main\AndroidManifest.xml:165:13-59
229            android:screenOrientation="portrait" >
229-->src\main\AndroidManifest.xml:166:13-49
230            <intent-filter>
230-->src\main\AndroidManifest.xml:168:13-172:29
231                <action android:name="repartidor.faster.com.ec.DeliveryUserProfile_TARGET" />
231-->src\main\AndroidManifest.xml:169:17-94
231-->src\main\AndroidManifest.xml:169:25-91
232
233                <category android:name="android.intent.category.DEFAULT" />
233-->src\main\AndroidManifest.xml:107:17-76
233-->src\main\AndroidManifest.xml:107:27-73
234            </intent-filter>
235        </activity>
236        <activity
236-->src\main\AndroidManifest.xml:175:9-184:20
237            android:name="driver.transporterimenval.com.motorizado.DeliveryWorkTime"
237-->src\main\AndroidManifest.xml:176:13-56
238            android:screenOrientation="portrait" >
238-->src\main\AndroidManifest.xml:177:13-49
239            <intent-filter>
239-->src\main\AndroidManifest.xml:179:13-183:29
240                <action android:name="repartidor.faster.com.ec.DeliveryWorkTime_TARGET" />
240-->src\main\AndroidManifest.xml:180:17-91
240-->src\main\AndroidManifest.xml:180:25-88
241
242                <category android:name="android.intent.category.DEFAULT" />
242-->src\main\AndroidManifest.xml:107:17-76
242-->src\main\AndroidManifest.xml:107:27-73
243            </intent-filter>
244        </activity>
245        <activity
245-->src\main\AndroidManifest.xml:186:9-195:20
246            android:name="driver.transporterimenval.com.motorizado.DeliveryPaymentHistory"
246-->src\main\AndroidManifest.xml:187:13-62
247            android:screenOrientation="portrait" >
247-->src\main\AndroidManifest.xml:188:13-49
248            <intent-filter>
248-->src\main\AndroidManifest.xml:190:13-194:29
249                <action android:name="repartidor.faster.com.ec.DeliveryPayment_TARGET" />
249-->src\main\AndroidManifest.xml:191:17-90
249-->src\main\AndroidManifest.xml:191:25-87
250
251                <category android:name="android.intent.category.DEFAULT" />
251-->src\main\AndroidManifest.xml:107:17-76
251-->src\main\AndroidManifest.xml:107:27-73
252            </intent-filter>
253        </activity>
254        <activity
254-->src\main\AndroidManifest.xml:196:9-205:20
255            android:name="driver.transporterimenval.com.motorizado.DeliveryPaymentDetail"
255-->src\main\AndroidManifest.xml:197:13-61
256            android:screenOrientation="portrait" >
256-->src\main\AndroidManifest.xml:198:13-49
257            <intent-filter>
257-->src\main\AndroidManifest.xml:200:13-204:29
258                <action android:name="repartidor.faster.com.ec.DeliveryPaymentDetail_TARGET" />
258-->src\main\AndroidManifest.xml:201:17-96
258-->src\main\AndroidManifest.xml:201:25-93
259
260                <category android:name="android.intent.category.DEFAULT" />
260-->src\main\AndroidManifest.xml:107:17-76
260-->src\main\AndroidManifest.xml:107:27-73
261            </intent-filter>
262        </activity>
263        <activity
263-->src\main\AndroidManifest.xml:206:9-215:20
264            android:name="driver.transporterimenval.com.motorizado.DeliveryOrderDetail"
264-->src\main\AndroidManifest.xml:207:13-59
265            android:screenOrientation="portrait" >
265-->src\main\AndroidManifest.xml:208:13-49
266            <intent-filter>
266-->src\main\AndroidManifest.xml:210:13-214:29
267                <action android:name="repartidor.faster.com.ec.DeliveryOrderDetail_TARGET" />
267-->src\main\AndroidManifest.xml:211:17-94
267-->src\main\AndroidManifest.xml:211:25-91
268
269                <category android:name="android.intent.category.DEFAULT" />
269-->src\main\AndroidManifest.xml:107:17-76
269-->src\main\AndroidManifest.xml:107:27-73
270            </intent-filter>
271        </activity>
272        <activity
272-->src\main\AndroidManifest.xml:216:9-219:55
273            android:name="driver.transporterimenval.com.motorizado.DeliveryOrderHistory"
273-->src\main\AndroidManifest.xml:217:13-60
274            android:screenOrientation="portrait" />
274-->src\main\AndroidManifest.xml:218:13-49
275        <activity
275-->src\main\AndroidManifest.xml:220:9-228:20
276            android:name="driver.transporterimenval.com.motorizado.DialogActivity"
276-->src\main\AndroidManifest.xml:221:13-54
277            android:theme="@style/Theme.AppCompat.Dialog" >
277-->src\main\AndroidManifest.xml:222:13-58
278            <intent-filter>
278-->src\main\AndroidManifest.xml:223:13-227:29
279                <action android:name="repartidor.faster.com.ec.DialogActivity_TARGET" />
279-->src\main\AndroidManifest.xml:224:17-89
279-->src\main\AndroidManifest.xml:224:25-86
280
281                <category android:name="android.intent.category.DEFAULT" />
281-->src\main\AndroidManifest.xml:107:17-76
281-->src\main\AndroidManifest.xml:107:27-73
282            </intent-filter>
283        </activity>
284
285        <receiver
285-->[com.onesignal:OneSignal:4.3.0] AndroidManifest.xml:49:9-59:20
286            android:name="com.onesignal.FCMBroadcastReceiver"
286-->[com.onesignal:OneSignal:4.3.0] AndroidManifest.xml:50:13-62
287            android:permission="com.google.android.c2dm.permission.SEND" >
287-->[com.onesignal:OneSignal:4.3.0] AndroidManifest.xml:51:13-73
288
289            <!-- High priority so OneSignal payloads can be filtered from other FCM receivers -->
290            <intent-filter android:priority="999" >
290-->[com.onesignal:OneSignal:4.3.0] AndroidManifest.xml:54:13-58:29
290-->[com.onesignal:OneSignal:4.3.0] AndroidManifest.xml:54:28-50
291                <action android:name="com.google.android.c2dm.intent.RECEIVE" />
291-->[com.onesignal:OneSignal:4.3.0] AndroidManifest.xml:55:17-81
291-->[com.onesignal:OneSignal:4.3.0] AndroidManifest.xml:55:25-78
292
293                <category android:name="driver.transporterimenval.com" />
293-->[com.onesignal:OneSignal:4.3.0] AndroidManifest.xml:57:17-61
293-->[com.onesignal:OneSignal:4.3.0] AndroidManifest.xml:57:27-58
294            </intent-filter>
295        </receiver>
296
297        <service
297-->[com.onesignal:OneSignal:4.3.0] AndroidManifest.xml:61:9-67:19
298            android:name="com.onesignal.HmsMessageServiceOneSignal"
298-->[com.onesignal:OneSignal:4.3.0] AndroidManifest.xml:62:13-68
299            android:exported="false" >
299-->[com.onesignal:OneSignal:4.3.0] AndroidManifest.xml:63:13-37
300            <intent-filter>
300-->[com.onesignal:OneSignal:4.3.0] AndroidManifest.xml:64:13-66:29
301                <action android:name="com.huawei.push.action.MESSAGING_EVENT" />
301-->[com.onesignal:OneSignal:4.3.0] AndroidManifest.xml:65:17-81
301-->[com.onesignal:OneSignal:4.3.0] AndroidManifest.xml:65:25-78
302            </intent-filter>
303        </service>
304
305        <activity
305-->[com.onesignal:OneSignal:4.3.0] AndroidManifest.xml:69:9-76:20
306            android:name="com.onesignal.NotificationOpenedActivityHMS"
306-->[com.onesignal:OneSignal:4.3.0] AndroidManifest.xml:70:13-71
307            android:noHistory="true"
307-->[com.onesignal:OneSignal:4.3.0] AndroidManifest.xml:71:13-37
308            android:theme="@android:style/Theme.Translucent.NoTitleBar" >
308-->[com.onesignal:OneSignal:4.3.0] AndroidManifest.xml:72:13-72
309            <intent-filter>
309-->[com.onesignal:OneSignal:4.3.0] AndroidManifest.xml:73:13-75:29
310                <action android:name="android.intent.action.VIEW" />
310-->src\main\AndroidManifest.xml:105:17-69
310-->src\main\AndroidManifest.xml:105:25-66
311            </intent-filter>
312        </activity>
313
314        <service android:name="com.onesignal.FCMIntentService" />
314-->[com.onesignal:OneSignal:4.3.0] AndroidManifest.xml:78:9-66